<?xml version="1.0" encoding="UTF-8"?>
<robot generator="Robot 4.0 (Python 3.9.2 on win32)" generated="20210419 15:33:15.466" rpa="false" schemaversion="2">
<suite id="s1" name="Test" source="C:\Users\Laptop\PycharmProjects\DataDriven\Testcases\Test.robot">
<test id="s1-t1" name="TC_001 Login">
<kw name="Open Browser" library="SeleniumLibrary">
<arg>${url}</arg>
<arg>chrome</arg>
<doc>Opens a new browser instance to the optional ``url``.</doc>
<msg timestamp="20210419 15:33:16.747" level="INFO">Opening browser 'chrome' to base url 'https://tweakers.net/my.tnet/login/?location=https://tweakers.net/'.</msg>
<status status="PASS" starttime="20210419 15:33:16.746" endtime="20210419 15:33:20.009"/>
</kw>
<kw name="Maximize Browser Window" library="SeleniumLibrary">
<doc>Maximizes current browser window.</doc>
<status status="PASS" starttime="20210419 15:33:20.009" endtime="20210419 15:33:20.186"/>
</kw>
<kw name="Read Number Rows" library="Userkeywords">
<var>${Row}</var>
<arg>Blad1</arg>
<kw name="Fetch Number Rows" library="ReadData">
<var>${maxr}</var>
<arg>${sheetname}</arg>
<msg timestamp="20210419 15:33:20.188" level="INFO">${maxr} = 8</msg>
<status status="PASS" starttime="20210419 15:33:20.187" endtime="20210419 15:33:20.188"/>
</kw>
<msg timestamp="20210419 15:33:20.188" level="INFO">${Row} = 8</msg>
<status status="PASS" starttime="20210419 15:33:20.186" endtime="20210419 15:33:20.188"/>
</kw>
<for flavor="IN RANGE">
<var>${i}</var>
<value>1</value>
<value>${Row}+1</value>
<iter>
<var name="${i}">1</var>
<kw name="Read Data Cell" library="Userkeywords">
<var>${username}</var>
<arg>Blad1</arg>
<arg>${i}</arg>
<arg>1</arg>
<kw name="Fetch Cell Data" library="ReadData">
<var>${celldata}</var>
<arg>${sheetname}</arg>
<arg>${row}</arg>
<arg>${cell}</arg>
<msg timestamp="20210419 15:33:20.190" level="INFO">${celldata} = User1</msg>
<status status="PASS" starttime="20210419 15:33:20.189" endtime="20210419 15:33:20.190"/>
</kw>
<msg timestamp="20210419 15:33:20.190" level="INFO">${username} = User1</msg>
<status status="PASS" starttime="20210419 15:33:20.189" endtime="20210419 15:33:20.190"/>
</kw>
<kw name="Read Data Cell" library="Userkeywords">
<var>${password}</var>
<arg>Blad1</arg>
<arg>${i}</arg>
<arg>2</arg>
<kw name="Fetch Cell Data" library="ReadData">
<var>${celldata}</var>
<arg>${sheetname}</arg>
<arg>${row}</arg>
<arg>${cell}</arg>
<msg timestamp="20210419 15:33:20.191" level="INFO">${celldata} = Pass1</msg>
<status status="PASS" starttime="20210419 15:33:20.191" endtime="20210419 15:33:20.191"/>
</kw>
<msg timestamp="20210419 15:33:20.191" level="INFO">${password} = Pass1</msg>
<status status="PASS" starttime="20210419 15:33:20.190" endtime="20210419 15:33:20.191"/>
</kw>
<kw name="Input Text" library="SeleniumLibrary">
<arg>name:tweakers_login_form[user]</arg>
<arg>${username}</arg>
<doc>Types the given ``text`` into the text field identified by ``locator``.</doc>
<msg timestamp="20210419 15:33:20.192" level="INFO">Typing text 'User1' into text field 'name:tweakers_login_form[user]'.</msg>
<status status="PASS" starttime="20210419 15:33:20.192" endtime="20210419 15:33:20.329"/>
</kw>
<kw name="Input Text" library="SeleniumLibrary">
<arg>name:tweakers_login_form[password]</arg>
<arg>${password}</arg>
<doc>Types the given ``text`` into the text field identified by ``locator``.</doc>
<msg timestamp="20210419 15:33:20.330" level="INFO">Typing text 'Pass1' into text field 'name:tweakers_login_form[password]'.</msg>
<status status="PASS" starttime="20210419 15:33:20.329" endtime="20210419 15:33:20.549"/>
</kw>
<kw name="Click Button" library="SeleniumLibrary">
<arg>//input[@type='submit' and @value='Inloggen']</arg>
<doc>Clicks the button identified by ``locator``.</doc>
<msg timestamp="20210419 15:33:20.550" level="INFO">Clicking button '//input[@type='submit' and @value='Inloggen']'.</msg>
<status status="PASS" starttime="20210419 15:33:20.550" endtime="20210419 15:33:22.020"/>
</kw>
<kw name="Sleep" library="BuiltIn">
<arg>3</arg>
<doc>Pauses the test executed for the given time.</doc>
<msg timestamp="20210419 15:33:25.035" level="INFO">Slept 3 seconds</msg>
<status status="PASS" starttime="20210419 15:33:22.020" endtime="20210419 15:33:25.035"/>
</kw>
<status status="PASS" starttime="20210419 15:33:20.189" endtime="20210419 15:33:25.035"/>
</iter>
<iter>
<var name="${i}">2</var>
<kw name="Read Data Cell" library="Userkeywords">
<var>${username}</var>
<arg>Blad1</arg>
<arg>${i}</arg>
<arg>1</arg>
<kw name="Fetch Cell Data" library="ReadData">
<var>${celldata}</var>
<arg>${sheetname}</arg>
<arg>${row}</arg>
<arg>${cell}</arg>
<msg timestamp="20210419 15:33:25.037" level="INFO">${celldata} = User2</msg>
<status status="PASS" starttime="20210419 15:33:25.036" endtime="20210419 15:33:25.037"/>
</kw>
<msg timestamp="20210419 15:33:25.037" level="INFO">${username} = User2</msg>
<status status="PASS" starttime="20210419 15:33:25.036" endtime="20210419 15:33:25.037"/>
</kw>
<kw name="Read Data Cell" library="Userkeywords">
<var>${password}</var>
<arg>Blad1</arg>
<arg>${i}</arg>
<arg>2</arg>
<kw name="Fetch Cell Data" library="ReadData">
<var>${celldata}</var>
<arg>${sheetname}</arg>
<arg>${row}</arg>
<arg>${cell}</arg>
<msg timestamp="20210419 15:33:25.038" level="INFO">${celldata} = Pass2</msg>
<status status="PASS" starttime="20210419 15:33:25.037" endtime="20210419 15:33:25.038"/>
</kw>
<msg timestamp="20210419 15:33:25.038" level="INFO">${password} = Pass2</msg>
<status status="PASS" starttime="20210419 15:33:25.037" endtime="20210419 15:33:25.038"/>
</kw>
<kw name="Input Text" library="SeleniumLibrary">
<arg>name:tweakers_login_form[user]</arg>
<arg>${username}</arg>
<doc>Types the given ``text`` into the text field identified by ``locator``.</doc>
<msg timestamp="20210419 15:33:25.039" level="INFO">Typing text 'User2' into text field 'name:tweakers_login_form[user]'.</msg>
<status status="PASS" starttime="20210419 15:33:25.038" endtime="20210419 15:33:25.212"/>
</kw>
<kw name="Input Text" library="SeleniumLibrary">
<arg>name:tweakers_login_form[password]</arg>
<arg>${password}</arg>
<doc>Types the given ``text`` into the text field identified by ``locator``.</doc>
<msg timestamp="20210419 15:33:25.214" level="INFO">Typing text 'Pass2' into text field 'name:tweakers_login_form[password]'.</msg>
<status status="PASS" starttime="20210419 15:33:25.213" endtime="20210419 15:33:25.421"/>
</kw>
<kw name="Click Button" library="SeleniumLibrary">
<arg>//input[@type='submit' and @value='Inloggen']</arg>
<doc>Clicks the button identified by ``locator``.</doc>
<msg timestamp="20210419 15:33:25.422" level="INFO">Clicking button '//input[@type='submit' and @value='Inloggen']'.</msg>
<status status="PASS" starttime="20210419 15:33:25.422" endtime="20210419 15:33:26.205"/>
</kw>
<kw name="Sleep" library="BuiltIn">
<arg>3</arg>
<doc>Pauses the test executed for the given time.</doc>
<msg timestamp="20210419 15:33:29.219" level="INFO">Slept 3 seconds</msg>
<status status="PASS" starttime="20210419 15:33:26.205" endtime="20210419 15:33:29.219"/>
</kw>
<status status="PASS" starttime="20210419 15:33:25.036" endtime="20210419 15:33:29.219"/>
</iter>
<iter>
<var name="${i}">3</var>
<kw name="Read Data Cell" library="Userkeywords">
<var>${username}</var>
<arg>Blad1</arg>
<arg>${i}</arg>
<arg>1</arg>
<kw name="Fetch Cell Data" library="ReadData">
<var>${celldata}</var>
<arg>${sheetname}</arg>
<arg>${row}</arg>
<arg>${cell}</arg>
<msg timestamp="20210419 15:33:29.221" level="INFO">${celldata} = User3</msg>
<status status="PASS" starttime="20210419 15:33:29.220" endtime="20210419 15:33:29.221"/>
</kw>
<msg timestamp="20210419 15:33:29.221" level="INFO">${username} = User3</msg>
<status status="PASS" starttime="20210419 15:33:29.219" endtime="20210419 15:33:29.221"/>
</kw>
<kw name="Read Data Cell" library="Userkeywords">
<var>${password}</var>
<arg>Blad1</arg>
<arg>${i}</arg>
<arg>2</arg>
<kw name="Fetch Cell Data" library="ReadData">
<var>${celldata}</var>
<arg>${sheetname}</arg>
<arg>${row}</arg>
<arg>${cell}</arg>
<msg timestamp="20210419 15:33:29.223" level="INFO">${celldata} = Pass3</msg>
<status status="PASS" starttime="20210419 15:33:29.222" endtime="20210419 15:33:29.223"/>
</kw>
<msg timestamp="20210419 15:33:29.223" level="INFO">${password} = Pass3</msg>
<status status="PASS" starttime="20210419 15:33:29.222" endtime="20210419 15:33:29.224"/>
</kw>
<kw name="Input Text" library="SeleniumLibrary">
<arg>name:tweakers_login_form[user]</arg>
<arg>${username}</arg>
<doc>Types the given ``text`` into the text field identified by ``locator``.</doc>
<msg timestamp="20210419 15:33:29.224" level="INFO">Typing text 'User3' into text field 'name:tweakers_login_form[user]'.</msg>
<status status="PASS" starttime="20210419 15:33:29.224" endtime="20210419 15:33:29.433"/>
</kw>
<kw name="Input Text" library="SeleniumLibrary">
<arg>name:tweakers_login_form[password]</arg>
<arg>${password}</arg>
<doc>Types the given ``text`` into the text field identified by ``locator``.</doc>
<msg timestamp="20210419 15:33:29.435" level="INFO">Typing text 'Pass3' into text field 'name:tweakers_login_form[password]'.</msg>
<status status="PASS" starttime="20210419 15:33:29.434" endtime="20210419 15:33:29.586"/>
</kw>
<kw name="Click Button" library="SeleniumLibrary">
<arg>//input[@type='submit' and @value='Inloggen']</arg>
<doc>Clicks the button identified by ``locator``.</doc>
<msg timestamp="20210419 15:33:29.587" level="INFO">Clicking button '//input[@type='submit' and @value='Inloggen']'.</msg>
<status status="PASS" starttime="20210419 15:33:29.587" endtime="20210419 15:33:30.260"/>
</kw>
<kw name="Sleep" library="BuiltIn">
<arg>3</arg>
<doc>Pauses the test executed for the given time.</doc>
<msg timestamp="20210419 15:33:33.272" level="INFO">Slept 3 seconds</msg>
<status status="PASS" starttime="20210419 15:33:30.260" endtime="20210419 15:33:33.272"/>
</kw>
<status status="PASS" starttime="20210419 15:33:29.219" endtime="20210419 15:33:33.272"/>
</iter>
<iter>
<var name="${i}">4</var>
<kw name="Read Data Cell" library="Userkeywords">
<var>${username}</var>
<arg>Blad1</arg>
<arg>${i}</arg>
<arg>1</arg>
<kw name="Fetch Cell Data" library="ReadData">
<var>${celldata}</var>
<arg>${sheetname}</arg>
<arg>${row}</arg>
<arg>${cell}</arg>
<msg timestamp="20210419 15:33:33.274" level="INFO">${celldata} = User4</msg>
<status status="PASS" starttime="20210419 15:33:33.273" endtime="20210419 15:33:33.274"/>
</kw>
<msg timestamp="20210419 15:33:33.275" level="INFO">${username} = User4</msg>
<status status="PASS" starttime="20210419 15:33:33.272" endtime="20210419 15:33:33.275"/>
</kw>
<kw name="Read Data Cell" library="Userkeywords">
<var>${password}</var>
<arg>Blad1</arg>
<arg>${i}</arg>
<arg>2</arg>
<kw name="Fetch Cell Data" library="ReadData">
<var>${celldata}</var>
<arg>${sheetname}</arg>
<arg>${row}</arg>
<arg>${cell}</arg>
<msg timestamp="20210419 15:33:33.277" level="INFO">${celldata} = Pass4</msg>
<status status="PASS" starttime="20210419 15:33:33.276" endtime="20210419 15:33:33.277"/>
</kw>
<msg timestamp="20210419 15:33:33.278" level="INFO">${password} = Pass4</msg>
<status status="PASS" starttime="20210419 15:33:33.275" endtime="20210419 15:33:33.278"/>
</kw>
<kw name="Input Text" library="SeleniumLibrary">
<arg>name:tweakers_login_form[user]</arg>
<arg>${username}</arg>
<doc>Types the given ``text`` into the text field identified by ``locator``.</doc>
<msg timestamp="20210419 15:33:33.279" level="INFO">Typing text 'User4' into text field 'name:tweakers_login_form[user]'.</msg>
<kw name="Capture Page Screenshot" library="SeleniumLibrary">
<doc>Takes a screenshot of the current page and embeds it into a log file.</doc>
<msg timestamp="20210419 15:33:57.697" level="FAIL">WebDriverException: Message: chrome not reachable
  (Session info: chrome=89.0.4389.128)
</msg>
<status status="FAIL" starttime="20210419 15:33:45.488" endtime="20210419 15:33:57.697"/>
</kw>
<msg timestamp="20210419 15:33:57.697" level="WARN">Keyword 'Capture Page Screenshot' could not be run on failure: WebDriverException: Message: chrome not reachable
  (Session info: chrome=89.0.4389.128)
</msg>
<msg timestamp="20210419 15:33:57.705" level="FAIL">WebDriverException: Message: chrome not reachable
  (Session info: chrome=89.0.4389.128)
</msg>
<status status="FAIL" starttime="20210419 15:33:33.278" endtime="20210419 15:33:57.705"/>
</kw>
<kw name="Input Text" library="SeleniumLibrary">
<arg>name:tweakers_login_form[password]</arg>
<arg>${password}</arg>
<doc>Types the given ``text`` into the text field identified by ``locator``.</doc>
<status status="NOT RUN" starttime="20210419 15:33:57.705" endtime="20210419 15:33:57.705"/>
</kw>
<kw name="Click Button" library="SeleniumLibrary">
<arg>//input[@type='submit' and @value='Inloggen']</arg>
<doc>Clicks the button identified by ``locator``.</doc>
<status status="NOT RUN" starttime="20210419 15:33:57.705" endtime="20210419 15:33:57.706"/>
</kw>
<kw name="Sleep" library="BuiltIn">
<arg>3</arg>
<doc>Pauses the test executed for the given time.</doc>
<status status="NOT RUN" starttime="20210419 15:33:57.706" endtime="20210419 15:33:57.706"/>
</kw>
<status status="FAIL" starttime="20210419 15:33:33.272" endtime="20210419 15:33:57.706"/>
</iter>
<status status="FAIL" starttime="20210419 15:33:20.188" endtime="20210419 15:33:57.706"/>
</for>
<kw name="Close Browser" library="SeleniumLibrary">
<doc>Closes the current browser.</doc>
<status status="NOT RUN" starttime="20210419 15:33:57.709" endtime="20210419 15:33:57.709"/>
</kw>
<status status="FAIL" starttime="20210419 15:33:16.745" endtime="20210419 15:33:57.710">WebDriverException: Message: chrome not reachable
  (Session info: chrome=89.0.4389.128)
</status>
</test>
<status status="FAIL" starttime="20210419 15:33:15.471" endtime="20210419 15:33:57.713"/>
</suite>
<statistics>
<total>
<stat pass="0" fail="1" skip="0">All Tests</stat>
</total>
<tag>
</tag>
<suite>
<stat pass="0" fail="1" skip="0" id="s1" name="Test">Test</stat>
</suite>
</statistics>
<errors>
<msg timestamp="20210419 15:33:57.697" level="WARN">Keyword 'Capture Page Screenshot' could not be run on failure: WebDriverException: Message: chrome not reachable
  (Session info: chrome=89.0.4389.128)
</msg>
</errors>
</robot>
